[2018-12-25 10:32:51.106] [INFO] [default] - start_mode: , ["E:\\work\\test_dt_auto_frame2\\test_dt_auto_frame1\\apps\\online\\doubleteacher-win32-x64-1.1.1\\doubleteacher.exe","--disable-background-networking","--disable-client-side-phishing-detection","--disable-default-apps","--disable-dev-shm-usage","--disable-hang-monitor","--disable-popup-blocking","--disable-prompt-on-repost","--disable-sync","--disable-web-resources","--enable-automation","--enable-logging","--force-fieldtrials=SiteIsolationExtensions/Control","--ignore-certificate-errors","--load-extension=C:\\Users\\s9611\\AppData\\Local\\Temp\\scoped_dir20648_15495\\internal","--log-level=0","--metrics-recording-only","--no-first-run","--no-sandbox","--password-store=basic","--remote-debugging-port=0","--test-type=webdriver","--use-mock-keychain","--user-data-dir=C:\\Users\\s9611\\AppData\\Local\\Temp\\scoped_dir20648_23137","data:,"]
[2018-12-25 10:32:51.284] [INFO] [default] - userData: C:\Users\s9611\AppData\Roaming\ainemo\NemoRoom\devInfo.txt, {"SN":"9Z278878C2275988","number":"15901039225"}
[2018-12-25 10:32:51.302] [INFO] [default] - SEND HTTP：{"method":"POST","url":"http://api.aixuexi.com/fatestone/version/dt/up.do","data":"appId=4&platformId=4&version=1.1.8&sn=9Z278878C2275988","headers":{"Content-Type":"application/x-www-form-urlencoded","token":null,"userId":0,"version":"1.1.8"},"json":true}
[2018-12-25 10:32:51.558] [INFO] [default] - RESPONSE HTTP：{"status":1,"errorCode":null,"message":null,"data":{"appId":4,"platformId":4,"version":"1.1.8","businessKey":"CANARY","key":"B:1013:K/1545235200/1014b66982ab4957a5662fceb9c93083.zip","wheUper":false,"desc":"答题器掉线后可一键重启，不需要重新签到啦，大家赶紧更新吧！","url":""},"erroCode":null}
[2018-12-25 10:32:53.091] [INFO] [default] - userData: C:\Users\s9611\AppData\Roaming\ainemo\NemoRoom\devInfo.txt, {"SN":"9Z278878C2275988","number":"15901039225"}
[2018-12-25 10:32:53.246] [INFO] [default] - SEND HTTP：{"method":"GET","url":"http://datiqi.aixuexi.com/terminator/api/selfCheck/testing.do?","data":{},"headers":{"Content-Type":"application/json","token":null,"userId":0,"version":"1.1.8"},"json":true}
[2018-12-25 10:32:53.357] [INFO] [default] - SEND HTTP：{"method":"GET","url":"http://datiqi.aixuexi.com/terminator/api/selfCheck/testing.do?","data":{},"headers":{"Content-Type":"application/json","token":null,"userId":0,"version":"1.1.8"},"json":true}
[2018-12-25 10:32:53.439] [INFO] [default] - SEND HTTP：{"method":"GET","url":"http://datiqi.aixuexi.com/terminator/api/selfCheck/testing.do?","data":{},"headers":{"Content-Type":"application/json","token":null,"userId":0,"version":"1.1.8"},"json":true}
[2018-12-25 10:32:53.535] [INFO] [default] - SEND HTTP：{"method":"GET","url":"http://datiqi.aixuexi.com/terminator/api/selfCheck/testing.do?","data":{},"headers":{"Content-Type":"application/json","token":null,"userId":0,"version":"1.1.8"},"json":true}
[2018-12-25 10:32:53.599] [INFO] [default] - RESPONSE HTTP：{"status":1,"errorCode":0,"errorMessage":"","body":1545705171934}
[2018-12-25 10:32:53.615] [INFO] [default] - RESPONSE HTTP：{"status":1,"errorCode":0,"errorMessage":"","body":1545705171937}
[2018-12-25 10:32:53.634] [INFO] [default] - RESPONSE HTTP：{"status":1,"errorCode":0,"errorMessage":"","body":1545705171959}
[2018-12-25 10:32:53.637] [INFO] [default] - SEND HTTP：{"method":"GET","url":"http://datiqi.aixuexi.com/terminator/api/selfCheck/testing.do?","data":{},"headers":{"Content-Type":"application/json","token":null,"userId":0,"version":"1.1.8"},"json":true}
[2018-12-25 10:32:53.713] [INFO] [default] - RESPONSE HTTP：{"status":1,"errorCode":0,"errorMessage":"","body":1545705172049}
[2018-12-25 10:32:53.736] [INFO] [default] - SEND HTTP：{"method":"GET","url":"http://datiqi.aixuexi.com/terminator/api/selfCheck/testing.do?","data":{},"headers":{"Content-Type":"application/json","token":null,"userId":0,"version":"1.1.8"},"json":true}
[2018-12-25 10:32:53.839] [INFO] [default] - RESPONSE HTTP：{"status":1,"errorCode":0,"errorMessage":"","body":1545705172160}
[2018-12-25 10:32:53.946] [INFO] [default] - RESPONSE HTTP：{"status":1,"errorCode":0,"errorMessage":"","body":1545705172276}
[2018-12-25 10:41:07.783] [INFO] [default] - start_mode: , ["E:\\work\\test_dt_auto_frame2\\test_dt_auto_frame1\\apps\\online\\doubleteacher-win32-x64-1.1.1\\doubleteacher.exe","--disable-background-networking","--disable-client-side-phishing-detection","--disable-default-apps","--disable-dev-shm-usage","--disable-hang-monitor","--disable-popup-blocking","--disable-prompt-on-repost","--disable-sync","--disable-web-resources","--enable-automation","--enable-logging","--force-fieldtrials=SiteIsolationExtensions/Control","--ignore-certificate-errors","--load-extension=C:\\Users\\s9611\\AppData\\Local\\Temp\\scoped_dir16152_11916\\internal","--log-level=0","--metrics-recording-only","--no-first-run","--no-sandbox","--password-store=basic","--remote-debugging-port=0","--test-type=webdriver","--use-mock-keychain","--user-data-dir=C:\\Users\\s9611\\AppData\\Local\\Temp\\scoped_dir16152_21437","data:,"]
[2018-12-25 10:41:07.980] [INFO] [default] - userData: C:\Users\s9611\AppData\Roaming\ainemo\NemoRoom\devInfo.txt, {"SN":"9Z278878C2275988","number":"15901039225"}
[2018-12-25 10:41:08.059] [INFO] [default] - SEND HTTP：{"method":"POST","url":"http://api.aixuexi.com/fatestone/version/dt/up.do","data":"appId=4&platformId=4&version=1.1.8&sn=9Z278878C2275988","headers":{"Content-Type":"application/x-www-form-urlencoded","token":null,"userId":0,"version":"1.1.8"},"json":true}
[2018-12-25 10:41:08.263] [INFO] [default] - RESPONSE HTTP：{"status":1,"errorCode":null,"message":null,"data":{"appId":4,"platformId":4,"version":"1.1.8","businessKey":"CANARY","key":"B:1013:K/1545235200/1014b66982ab4957a5662fceb9c93083.zip","wheUper":false,"desc":"答题器掉线后可一键重启，不需要重新签到啦，大家赶紧更新吧！","url":""},"erroCode":null}
[2018-12-25 10:41:09.786] [INFO] [default] - userData: C:\Users\s9611\AppData\Roaming\ainemo\NemoRoom\devInfo.txt, {"SN":"9Z278878C2275988","number":"15901039225"}
[2018-12-25 10:41:09.926] [INFO] [default] - SEND HTTP：{"method":"GET","url":"http://datiqi.aixuexi.com/terminator/api/selfCheck/testing.do?","data":{},"headers":{"Content-Type":"application/json","token":null,"userId":0,"version":"1.1.8"},"json":true}
[2018-12-25 10:41:10.027] [INFO] [default] - SEND HTTP：{"method":"GET","url":"http://datiqi.aixuexi.com/terminator/api/selfCheck/testing.do?","data":{},"headers":{"Content-Type":"application/json","token":null,"userId":0,"version":"1.1.8"},"json":true}
[2018-12-25 10:41:10.123] [INFO] [default] - SEND HTTP：{"method":"GET","url":"http://datiqi.aixuexi.com/terminator/api/selfCheck/testing.do?","data":{},"headers":{"Content-Type":"application/json","token":null,"userId":0,"version":"1.1.8"},"json":true}
[2018-12-25 10:41:10.167] [INFO] [default] - RESPONSE HTTP：{"status":1,"errorCode":0,"errorMessage":"","body":1545705668559}
[2018-12-25 10:41:10.182] [INFO] [default] - RESPONSE HTTP：{"status":1,"errorCode":0,"errorMessage":"","body":1545705668577}
[2018-12-25 10:41:10.219] [INFO] [default] - SEND HTTP：{"method":"GET","url":"http://datiqi.aixuexi.com/terminator/api/selfCheck/testing.do?","data":{},"headers":{"Content-Type":"application/json","token":null,"userId":0,"version":"1.1.8"},"json":true}
[2018-12-25 10:41:10.247] [INFO] [default] - RESPONSE HTTP：{"status":1,"errorCode":0,"errorMessage":"","body":1545705668647}
[2018-12-25 10:41:10.301] [INFO] [default] - RESPONSE HTTP：{"status":1,"errorCode":0,"errorMessage":"","body":1545705668700}
[2018-12-25 10:41:10.318] [INFO] [default] - SEND HTTP：{"method":"GET","url":"http://datiqi.aixuexi.com/terminator/api/selfCheck/testing.do?","data":{},"headers":{"Content-Type":"application/json","token":null,"userId":0,"version":"1.1.8"},"json":true}
[2018-12-25 10:41:10.408] [INFO] [default] - RESPONSE HTTP：{"status":1,"errorCode":0,"errorMessage":"","body":1545705668804}
[2018-12-25 10:41:10.413] [INFO] [default] - SEND HTTP：{"method":"GET","url":"http://datiqi.aixuexi.com/terminator/api/selfCheck/testing.do?","data":{},"headers":{"Content-Type":"application/json","token":null,"userId":0,"version":"1.1.8"},"json":true}
[2018-12-25 10:41:10.500] [INFO] [default] - RESPONSE HTTP：{"status":1,"errorCode":0,"errorMessage":"","body":1545705668902}
