[2018-12-24 17:41:18.405] [INFO] [default] - start_mode: , ["E:\\work\\test_dt_auto_frame2\\test_dt_auto_frame1\\apps\\online\\doubleteacher-win32-x64-1.1.1\\doubleteacher.exe","--disable-background-networking","--disable-client-side-phishing-detection","--disable-default-apps","--disable-hang-monitor","--disable-popup-blocking","--disable-prompt-on-repost","--disable-sync","--disable-web-resources","--enable-automation","--enable-logging","--force-fieldtrials=SiteIsolationExtensions/Control","--ignore-certificate-errors","--load-extension=C:\\Users\\s9611\\AppData\\Local\\Temp\\scoped_dir17096_6098\\internal","--log-level=0","--metrics-recording-only","--no-first-run","--password-store=basic","--remote-debugging-port=0","--test-type=webdriver","--use-mock-keychain","--user-data-dir=C:\\Users\\s9611\\AppData\\Local\\Temp\\scoped_dir17096_20614","data:,","--relaunch"]
[2018-12-24 17:41:18.611] [INFO] [default] - userData: C:\Users\s9611\AppData\Roaming\ainemo\NemoRoom\devInfo.txt, {"SN":"9Z278878C2275988","number":"15901039225"}
[2018-12-24 17:41:18.679] [INFO] [default] - SEND HTTP：{"method":"POST","url":"http://api.aixuexi.com/fatestone/version/dt/up.do","data":"appId=4&platformId=4&version=1.1.8&sn=9Z278878C2275988","headers":{"Content-Type":"application/x-www-form-urlencoded","token":null,"userId":0,"version":"1.1.8"},"json":true}
[2018-12-24 17:41:18.808] [INFO] [default] - RESPONSE HTTP：{"status":1,"errorCode":null,"message":null,"data":{"appId":4,"platformId":4,"version":"1.1.8","businessKey":"CANARY","key":"B:1013:K/1545235200/1014b66982ab4957a5662fceb9c93083.zip","wheUper":false,"desc":"答题器掉线后可一键重启，不需要重新签到啦，大家赶紧更新吧！","url":""},"erroCode":null}
[2018-12-24 17:41:20.338] [INFO] [default] - userData: C:\Users\s9611\AppData\Roaming\ainemo\NemoRoom\devInfo.txt, {"SN":"9Z278878C2275988","number":"15901039225"}
[2018-12-24 17:41:20.565] [INFO] [default] - SEND HTTP：{"method":"GET","url":"http://datiqi.aixuexi.com/terminator/api/selfCheck/testing.do?","data":{},"headers":{"Content-Type":"application/json","token":null,"userId":0,"version":"1.1.8"},"json":true}
[2018-12-24 17:41:20.647] [INFO] [default] - SEND HTTP：{"method":"GET","url":"http://datiqi.aixuexi.com/terminator/api/selfCheck/testing.do?","data":{},"headers":{"Content-Type":"application/json","token":null,"userId":0,"version":"1.1.8"},"json":true}
[2018-12-24 17:41:20.739] [INFO] [default] - RESPONSE HTTP：{"status":1,"errorCode":0,"errorMessage":"","body":1545644480056}
[2018-12-24 17:41:20.743] [INFO] [default] - RESPONSE HTTP：{"status":1,"errorCode":0,"errorMessage":"","body":1545644480053}
[2018-12-24 17:41:20.758] [INFO] [default] - SEND HTTP：{"method":"GET","url":"http://datiqi.aixuexi.com/terminator/api/selfCheck/testing.do?","data":{},"headers":{"Content-Type":"application/json","token":null,"userId":0,"version":"1.1.8"},"json":true}
[2018-12-24 17:41:20.862] [INFO] [default] - SEND HTTP：{"method":"GET","url":"http://datiqi.aixuexi.com/terminator/api/selfCheck/testing.do?","data":{},"headers":{"Content-Type":"application/json","token":null,"userId":0,"version":"1.1.8"},"json":true}
[2018-12-24 17:41:20.901] [INFO] [default] - RESPONSE HTTP：{"status":1,"errorCode":0,"errorMessage":"","body":1545644480166}
[2018-12-24 17:41:20.961] [INFO] [default] - SEND HTTP：{"method":"GET","url":"http://datiqi.aixuexi.com/terminator/api/selfCheck/testing.do?","data":{},"headers":{"Content-Type":"application/json","token":null,"userId":0,"version":"1.1.8"},"json":true}
[2018-12-24 17:41:20.972] [INFO] [default] - RESPONSE HTTP：{"status":1,"errorCode":0,"errorMessage":"","body":1545644480292}
[2018-12-24 17:41:21.054] [INFO] [default] - RESPONSE HTTP：{"status":1,"errorCode":0,"errorMessage":"","body":1545644480366}
[2018-12-24 17:41:21.062] [INFO] [default] - SEND HTTP：{"method":"GET","url":"http://datiqi.aixuexi.com/terminator/api/selfCheck/testing.do?","data":{},"headers":{"Content-Type":"application/json","token":null,"userId":0,"version":"1.1.8"},"json":true}
[2018-12-24 17:41:21.157] [INFO] [default] - RESPONSE HTTP：{"status":1,"errorCode":0,"errorMessage":"","body":1545644480470}
[2018-12-24 17:41:28.513] [INFO] [default] - SEND HTTP：{"method":"GET","url":"http://datiqi.aixuexi.com/terminator/api/dataDocking/get.do?key=d1cdf9e5-028b-4727-9983-4846041eed51","data":{"key":"d1cdf9e5-028b-4727-9983-4846041eed51"},"headers":{"Content-Type":"application/json","token":null,"userId":0,"version":"1.1.8"},"json":true}
[2018-12-24 17:41:28.605] [INFO] [default] - RESPONSE HTTP：{"status":1,"errorCode":0,"errorMessage":"","body":"没有查到相应数据"}
[2018-12-24 17:41:29.514] [INFO] [default] - SEND HTTP：{"method":"GET","url":"http://datiqi.aixuexi.com/terminator/api/dataDocking/get.do?key=d1cdf9e5-028b-4727-9983-4846041eed51","data":{"key":"d1cdf9e5-028b-4727-9983-4846041eed51"},"headers":{"Content-Type":"application/json","token":null,"userId":0,"version":"1.1.8"},"json":true}
[2018-12-24 17:41:29.600] [INFO] [default] - RESPONSE HTTP：{"status":1,"errorCode":0,"errorMessage":"","body":"没有查到相应数据"}
[2018-12-24 17:41:30.515] [INFO] [default] - SEND HTTP：{"method":"GET","url":"http://datiqi.aixuexi.com/terminator/api/dataDocking/get.do?key=d1cdf9e5-028b-4727-9983-4846041eed51","data":{"key":"d1cdf9e5-028b-4727-9983-4846041eed51"},"headers":{"Content-Type":"application/json","token":null,"userId":0,"version":"1.1.8"},"json":true}
[2018-12-24 17:41:30.613] [INFO] [default] - RESPONSE HTTP：{"status":1,"errorCode":0,"errorMessage":"","body":"没有查到相应数据"}
[2018-12-24 17:41:31.513] [INFO] [default] - SEND HTTP：{"method":"GET","url":"http://datiqi.aixuexi.com/terminator/api/dataDocking/get.do?key=d1cdf9e5-028b-4727-9983-4846041eed51","data":{"key":"d1cdf9e5-028b-4727-9983-4846041eed51"},"headers":{"Content-Type":"application/json","token":null,"userId":0,"version":"1.1.8"},"json":true}
[2018-12-24 17:41:31.602] [INFO] [default] - RESPONSE HTTP：{"status":1,"errorCode":0,"errorMessage":"","body":"没有查到相应数据"}
[2018-12-24 17:41:32.514] [INFO] [default] - SEND HTTP：{"method":"GET","url":"http://datiqi.aixuexi.com/terminator/api/dataDocking/get.do?key=d1cdf9e5-028b-4727-9983-4846041eed51","data":{"key":"d1cdf9e5-028b-4727-9983-4846041eed51"},"headers":{"Content-Type":"application/json","token":null,"userId":0,"version":"1.1.8"},"json":true}
[2018-12-24 17:41:32.602] [INFO] [default] - RESPONSE HTTP：{"status":1,"errorCode":0,"errorMessage":"","body":"没有查到相应数据"}
[2018-12-24 17:41:33.513] [INFO] [default] - SEND HTTP：{"method":"GET","url":"http://datiqi.aixuexi.com/terminator/api/dataDocking/get.do?key=d1cdf9e5-028b-4727-9983-4846041eed51","data":{"key":"d1cdf9e5-028b-4727-9983-4846041eed51"},"headers":{"Content-Type":"application/json","token":null,"userId":0,"version":"1.1.8"},"json":true}
[2018-12-24 17:41:33.601] [INFO] [default] - RESPONSE HTTP：{"status":1,"errorCode":0,"errorMessage":"","body":"没有查到相应数据"}
[2018-12-24 17:41:34.514] [INFO] [default] - SEND HTTP：{"method":"GET","url":"http://datiqi.aixuexi.com/terminator/api/dataDocking/get.do?key=d1cdf9e5-028b-4727-9983-4846041eed51","data":{"key":"d1cdf9e5-028b-4727-9983-4846041eed51"},"headers":{"Content-Type":"application/json","token":null,"userId":0,"version":"1.1.8"},"json":true}
[2018-12-24 17:41:34.603] [INFO] [default] - RESPONSE HTTP：{"status":1,"errorCode":0,"errorMessage":"","body":"没有查到相应数据"}
[2018-12-24 17:41:35.513] [INFO] [default] - SEND HTTP：{"method":"GET","url":"http://datiqi.aixuexi.com/terminator/api/dataDocking/get.do?key=d1cdf9e5-028b-4727-9983-4846041eed51","data":{"key":"d1cdf9e5-028b-4727-9983-4846041eed51"},"headers":{"Content-Type":"application/json","token":null,"userId":0,"version":"1.1.8"},"json":true}
[2018-12-24 17:41:35.692] [INFO] [default] - RESPONSE HTTP：{"status":1,"errorCode":0,"errorMessage":"","body":"没有查到相应数据"}
[2018-12-24 17:41:36.514] [INFO] [default] - SEND HTTP：{"method":"GET","url":"http://datiqi.aixuexi.com/terminator/api/dataDocking/get.do?key=d1cdf9e5-028b-4727-9983-4846041eed51","data":{"key":"d1cdf9e5-028b-4727-9983-4846041eed51"},"headers":{"Content-Type":"application/json","token":null,"userId":0,"version":"1.1.8"},"json":true}
[2018-12-24 17:41:36.635] [INFO] [default] - RESPONSE HTTP：{"status":1,"errorCode":0,"errorMessage":"","body":"没有查到相应数据"}
[2018-12-24 17:41:37.514] [INFO] [default] - SEND HTTP：{"method":"GET","url":"http://datiqi.aixuexi.com/terminator/api/dataDocking/get.do?key=d1cdf9e5-028b-4727-9983-4846041eed51","data":{"key":"d1cdf9e5-028b-4727-9983-4846041eed51"},"headers":{"Content-Type":"application/json","token":null,"userId":0,"version":"1.1.8"},"json":true}
[2018-12-24 17:41:37.624] [INFO] [default] - RESPONSE HTTP：{"status":1,"errorCode":0,"errorMessage":"","body":"没有查到相应数据"}
[2018-12-24 17:41:38.514] [INFO] [default] - SEND HTTP：{"method":"GET","url":"http://datiqi.aixuexi.com/terminator/api/dataDocking/get.do?key=d1cdf9e5-028b-4727-9983-4846041eed51","data":{"key":"d1cdf9e5-028b-4727-9983-4846041eed51"},"headers":{"Content-Type":"application/json","token":null,"userId":0,"version":"1.1.8"},"json":true}
[2018-12-24 17:41:38.619] [INFO] [default] - RESPONSE HTTP：{"status":1,"errorCode":0,"errorMessage":"","body":"没有查到相应数据"}
[2018-12-24 17:41:39.514] [INFO] [default] - SEND HTTP：{"method":"GET","url":"http://datiqi.aixuexi.com/terminator/api/dataDocking/get.do?key=d1cdf9e5-028b-4727-9983-4846041eed51","data":{"key":"d1cdf9e5-028b-4727-9983-4846041eed51"},"headers":{"Content-Type":"application/json","token":null,"userId":0,"version":"1.1.8"},"json":true}
[2018-12-24 17:41:39.603] [INFO] [default] - RESPONSE HTTP：{"status":1,"errorCode":0,"errorMessage":"","body":"没有查到相应数据"}
[2018-12-24 17:41:40.514] [INFO] [default] - SEND HTTP：{"method":"GET","url":"http://datiqi.aixuexi.com/terminator/api/dataDocking/get.do?key=d1cdf9e5-028b-4727-9983-4846041eed51","data":{"key":"d1cdf9e5-028b-4727-9983-4846041eed51"},"headers":{"Content-Type":"application/json","token":null,"userId":0,"version":"1.1.8"},"json":true}
[2018-12-24 17:41:40.641] [INFO] [default] - RESPONSE HTTP：{"status":1,"errorCode":0,"errorMessage":"","body":"没有查到相应数据"}
[2018-12-24 17:41:41.513] [INFO] [default] - SEND HTTP：{"method":"GET","url":"http://datiqi.aixuexi.com/terminator/api/dataDocking/get.do?key=d1cdf9e5-028b-4727-9983-4846041eed51","data":{"key":"d1cdf9e5-028b-4727-9983-4846041eed51"},"headers":{"Content-Type":"application/json","token":null,"userId":0,"version":"1.1.8"},"json":true}
[2018-12-24 17:41:41.593] [INFO] [default] - RESPONSE HTTP：{"status":1,"errorCode":0,"errorMessage":"","body":"没有查到相应数据"}
[2018-12-24 17:41:42.514] [INFO] [default] - SEND HTTP：{"method":"GET","url":"http://datiqi.aixuexi.com/terminator/api/dataDocking/get.do?key=d1cdf9e5-028b-4727-9983-4846041eed51","data":{"key":"d1cdf9e5-028b-4727-9983-4846041eed51"},"headers":{"Content-Type":"application/json","token":null,"userId":0,"version":"1.1.8"},"json":true}
[2018-12-24 17:41:42.631] [INFO] [default] - RESPONSE HTTP：{"status":1,"errorCode":0,"errorMessage":"","body":"没有查到相应数据"}
[2018-12-24 17:41:43.514] [INFO] [default] - SEND HTTP：{"method":"GET","url":"http://datiqi.aixuexi.com/terminator/api/dataDocking/get.do?key=d1cdf9e5-028b-4727-9983-4846041eed51","data":{"key":"d1cdf9e5-028b-4727-9983-4846041eed51"},"headers":{"Content-Type":"application/json","token":null,"userId":0,"version":"1.1.8"},"json":true}
[2018-12-24 17:41:43.626] [INFO] [default] - RESPONSE HTTP：{"status":1,"errorCode":0,"errorMessage":"","body":"没有查到相应数据"}
[2018-12-24 17:41:44.513] [INFO] [default] - SEND HTTP：{"method":"GET","url":"http://datiqi.aixuexi.com/terminator/api/dataDocking/get.do?key=d1cdf9e5-028b-4727-9983-4846041eed51","data":{"key":"d1cdf9e5-028b-4727-9983-4846041eed51"},"headers":{"Content-Type":"application/json","token":null,"userId":0,"version":"1.1.8"},"json":true}
[2018-12-24 17:41:44.623] [INFO] [default] - RESPONSE HTTP：{"status":1,"errorCode":0,"errorMessage":"","body":"没有查到相应数据"}
[2018-12-24 17:41:45.514] [INFO] [default] - SEND HTTP：{"method":"GET","url":"http://datiqi.aixuexi.com/terminator/api/dataDocking/get.do?key=d1cdf9e5-028b-4727-9983-4846041eed51","data":{"key":"d1cdf9e5-028b-4727-9983-4846041eed51"},"headers":{"Content-Type":"application/json","token":null,"userId":0,"version":"1.1.8"},"json":true}
[2018-12-24 17:41:45.602] [INFO] [default] - RESPONSE HTTP：{"status":1,"errorCode":0,"errorMessage":"","body":"没有查到相应数据"}
[2018-12-24 17:41:46.514] [INFO] [default] - SEND HTTP：{"method":"GET","url":"http://datiqi.aixuexi.com/terminator/api/dataDocking/get.do?key=d1cdf9e5-028b-4727-9983-4846041eed51","data":{"key":"d1cdf9e5-028b-4727-9983-4846041eed51"},"headers":{"Content-Type":"application/json","token":null,"userId":0,"version":"1.1.8"},"json":true}
[2018-12-24 17:41:46.623] [INFO] [default] - RESPONSE HTTP：{"status":1,"errorCode":0,"errorMessage":"","body":"没有查到相应数据"}
[2018-12-24 17:41:47.513] [INFO] [default] - SEND HTTP：{"method":"GET","url":"http://datiqi.aixuexi.com/terminator/api/dataDocking/get.do?key=d1cdf9e5-028b-4727-9983-4846041eed51","data":{"key":"d1cdf9e5-028b-4727-9983-4846041eed51"},"headers":{"Content-Type":"application/json","token":null,"userId":0,"version":"1.1.8"},"json":true}
[2018-12-24 17:41:47.597] [INFO] [default] - RESPONSE HTTP：{"status":1,"errorCode":0,"errorMessage":"","body":"没有查到相应数据"}
[2018-12-24 17:41:48.513] [INFO] [default] - SEND HTTP：{"method":"GET","url":"http://datiqi.aixuexi.com/terminator/api/dataDocking/get.do?key=d1cdf9e5-028b-4727-9983-4846041eed51","data":{"key":"d1cdf9e5-028b-4727-9983-4846041eed51"},"headers":{"Content-Type":"application/json","token":null,"userId":0,"version":"1.1.8"},"json":true}
[2018-12-24 17:41:48.621] [INFO] [default] - RESPONSE HTTP：{"status":1,"errorCode":0,"errorMessage":"","body":"没有查到相应数据"}
[2018-12-24 17:41:49.513] [INFO] [default] - SEND HTTP：{"method":"GET","url":"http://datiqi.aixuexi.com/terminator/api/dataDocking/get.do?key=d1cdf9e5-028b-4727-9983-4846041eed51","data":{"key":"d1cdf9e5-028b-4727-9983-4846041eed51"},"headers":{"Content-Type":"application/json","token":null,"userId":0,"version":"1.1.8"},"json":true}
[2018-12-24 17:41:49.597] [INFO] [default] - RESPONSE HTTP：{"status":1,"errorCode":0,"errorMessage":"","body":"没有查到相应数据"}
[2018-12-24 17:41:50.718] [INFO] [default] - SEND HTTP：{"method":"GET","url":"http://datiqi.aixuexi.com/terminator/api/dataDocking/get.do?key=d1cdf9e5-028b-4727-9983-4846041eed51","data":{"key":"d1cdf9e5-028b-4727-9983-4846041eed51"},"headers":{"Content-Type":"application/json","token":null,"userId":0,"version":"1.1.8"},"json":true}
[2018-12-24 17:41:50.838] [INFO] [default] - RESPONSE HTTP：{"status":1,"errorCode":0,"errorMessage":"","body":"没有查到相应数据"}
[2018-12-24 17:41:51.718] [INFO] [default] - SEND HTTP：{"method":"GET","url":"http://datiqi.aixuexi.com/terminator/api/dataDocking/get.do?key=d1cdf9e5-028b-4727-9983-4846041eed51","data":{"key":"d1cdf9e5-028b-4727-9983-4846041eed51"},"headers":{"Content-Type":"application/json","token":null,"userId":0,"version":"1.1.8"},"json":true}
[2018-12-24 17:41:51.827] [INFO] [default] - RESPONSE HTTP：{"status":1,"errorCode":0,"errorMessage":"","body":"没有查到相应数据"}
[2018-12-24 17:41:52.718] [INFO] [default] - SEND HTTP：{"method":"GET","url":"http://datiqi.aixuexi.com/terminator/api/dataDocking/get.do?key=d1cdf9e5-028b-4727-9983-4846041eed51","data":{"key":"d1cdf9e5-028b-4727-9983-4846041eed51"},"headers":{"Content-Type":"application/json","token":null,"userId":0,"version":"1.1.8"},"json":true}
[2018-12-24 17:41:52.828] [INFO] [default] - RESPONSE HTTP：{"status":1,"errorCode":0,"errorMessage":"","body":"没有查到相应数据"}
[2018-12-24 17:41:53.717] [INFO] [default] - SEND HTTP：{"method":"GET","url":"http://datiqi.aixuexi.com/terminator/api/dataDocking/get.do?key=d1cdf9e5-028b-4727-9983-4846041eed51","data":{"key":"d1cdf9e5-028b-4727-9983-4846041eed51"},"headers":{"Content-Type":"application/json","token":null,"userId":0,"version":"1.1.8"},"json":true}
[2018-12-24 17:41:53.821] [INFO] [default] - RESPONSE HTTP：{"status":1,"errorCode":0,"errorMessage":"","body":"没有查到相应数据"}
[2018-12-24 17:41:54.717] [INFO] [default] - SEND HTTP：{"method":"GET","url":"http://datiqi.aixuexi.com/terminator/api/dataDocking/get.do?key=d1cdf9e5-028b-4727-9983-4846041eed51","data":{"key":"d1cdf9e5-028b-4727-9983-4846041eed51"},"headers":{"Content-Type":"application/json","token":null,"userId":0,"version":"1.1.8"},"json":true}
[2018-12-24 17:41:54.800] [INFO] [default] - RESPONSE HTTP：{"status":1,"errorCode":0,"errorMessage":"","body":"没有查到相应数据"}
[2018-12-24 17:41:55.718] [INFO] [default] - SEND HTTP：{"method":"GET","url":"http://datiqi.aixuexi.com/terminator/api/dataDocking/get.do?key=d1cdf9e5-028b-4727-9983-4846041eed51","data":{"key":"d1cdf9e5-028b-4727-9983-4846041eed51"},"headers":{"Content-Type":"application/json","token":null,"userId":0,"version":"1.1.8"},"json":true}
[2018-12-24 17:41:55.805] [INFO] [default] - RESPONSE HTTP：{"status":1,"errorCode":0,"errorMessage":"","body":"没有查到相应数据"}
[2018-12-24 17:41:56.717] [INFO] [default] - SEND HTTP：{"method":"GET","url":"http://datiqi.aixuexi.com/terminator/api/dataDocking/get.do?key=d1cdf9e5-028b-4727-9983-4846041eed51","data":{"key":"d1cdf9e5-028b-4727-9983-4846041eed51"},"headers":{"Content-Type":"application/json","token":null,"userId":0,"version":"1.1.8"},"json":true}
[2018-12-24 17:41:56.830] [INFO] [default] - RESPONSE HTTP：{"status":1,"errorCode":0,"errorMessage":"","body":"没有查到相应数据"}
[2018-12-24 17:41:57.719] [INFO] [default] - SEND HTTP：{"method":"GET","url":"http://datiqi.aixuexi.com/terminator/api/dataDocking/get.do?key=d1cdf9e5-028b-4727-9983-4846041eed51","data":{"key":"d1cdf9e5-028b-4727-9983-4846041eed51"},"headers":{"Content-Type":"application/json","token":null,"userId":0,"version":"1.1.8"},"json":true}
[2018-12-24 17:41:57.835] [INFO] [default] - RESPONSE HTTP：{"status":1,"errorCode":0,"errorMessage":"","body":"没有查到相应数据"}
[2018-12-24 17:41:58.718] [INFO] [default] - SEND HTTP：{"method":"GET","url":"http://datiqi.aixuexi.com/terminator/api/dataDocking/get.do?key=d1cdf9e5-028b-4727-9983-4846041eed51","data":{"key":"d1cdf9e5-028b-4727-9983-4846041eed51"},"headers":{"Content-Type":"application/json","token":null,"userId":0,"version":"1.1.8"},"json":true}
[2018-12-24 17:41:58.833] [INFO] [default] - RESPONSE HTTP：{"status":1,"errorCode":0,"errorMessage":"","body":"没有查到相应数据"}
[2018-12-24 17:41:59.717] [INFO] [default] - SEND HTTP：{"method":"GET","url":"http://datiqi.aixuexi.com/terminator/api/dataDocking/get.do?key=d1cdf9e5-028b-4727-9983-4846041eed51","data":{"key":"d1cdf9e5-028b-4727-9983-4846041eed51"},"headers":{"Content-Type":"application/json","token":null,"userId":0,"version":"1.1.8"},"json":true}
[2018-12-24 17:41:59.802] [INFO] [default] - RESPONSE HTTP：{"status":1,"errorCode":0,"errorMessage":"","body":"没有查到相应数据"}
[2018-12-24 17:42:00.719] [INFO] [default] - SEND HTTP：{"method":"GET","url":"http://datiqi.aixuexi.com/terminator/api/dataDocking/get.do?key=d1cdf9e5-028b-4727-9983-4846041eed51","data":{"key":"d1cdf9e5-028b-4727-9983-4846041eed51"},"headers":{"Content-Type":"application/json","token":null,"userId":0,"version":"1.1.8"},"json":true}
[2018-12-24 17:42:00.813] [INFO] [default] - RESPONSE HTTP：{"status":1,"errorCode":0,"errorMessage":"","body":"没有查到相应数据"}
[2018-12-24 17:42:01.717] [INFO] [default] - SEND HTTP：{"method":"GET","url":"http://datiqi.aixuexi.com/terminator/api/dataDocking/get.do?key=d1cdf9e5-028b-4727-9983-4846041eed51","data":{"key":"d1cdf9e5-028b-4727-9983-4846041eed51"},"headers":{"Content-Type":"application/json","token":null,"userId":0,"version":"1.1.8"},"json":true}
[2018-12-24 17:42:01.825] [INFO] [default] - RESPONSE HTTP：{"status":1,"errorCode":0,"errorMessage":"","body":"没有查到相应数据"}
[2018-12-24 17:42:02.719] [INFO] [default] - SEND HTTP：{"method":"GET","url":"http://datiqi.aixuexi.com/terminator/api/dataDocking/get.do?key=d1cdf9e5-028b-4727-9983-4846041eed51","data":{"key":"d1cdf9e5-028b-4727-9983-4846041eed51"},"headers":{"Content-Type":"application/json","token":null,"userId":0,"version":"1.1.8"},"json":true}
[2018-12-24 17:42:02.804] [INFO] [default] - RESPONSE HTTP：{"status":1,"errorCode":0,"errorMessage":"","body":"没有查到相应数据"}
[2018-12-24 17:42:03.719] [INFO] [default] - SEND HTTP：{"method":"GET","url":"http://datiqi.aixuexi.com/terminator/api/dataDocking/get.do?key=d1cdf9e5-028b-4727-9983-4846041eed51","data":{"key":"d1cdf9e5-028b-4727-9983-4846041eed51"},"headers":{"Content-Type":"application/json","token":null,"userId":0,"version":"1.1.8"},"json":true}
[2018-12-24 17:42:03.826] [INFO] [default] - RESPONSE HTTP：{"status":1,"errorCode":0,"errorMessage":"","body":"没有查到相应数据"}
[2018-12-24 17:42:04.718] [INFO] [default] - SEND HTTP：{"method":"GET","url":"http://datiqi.aixuexi.com/terminator/api/dataDocking/get.do?key=d1cdf9e5-028b-4727-9983-4846041eed51","data":{"key":"d1cdf9e5-028b-4727-9983-4846041eed51"},"headers":{"Content-Type":"application/json","token":null,"userId":0,"version":"1.1.8"},"json":true}
[2018-12-24 17:42:04.803] [INFO] [default] - RESPONSE HTTP：{"status":1,"errorCode":0,"errorMessage":"","body":"没有查到相应数据"}
[2018-12-24 17:42:05.717] [INFO] [default] - SEND HTTP：{"method":"GET","url":"http://datiqi.aixuexi.com/terminator/api/dataDocking/get.do?key=d1cdf9e5-028b-4727-9983-4846041eed51","data":{"key":"d1cdf9e5-028b-4727-9983-4846041eed51"},"headers":{"Content-Type":"application/json","token":null,"userId":0,"version":"1.1.8"},"json":true}
[2018-12-24 17:42:05.825] [INFO] [default] - RESPONSE HTTP：{"status":1,"errorCode":0,"errorMessage":"","body":"没有查到相应数据"}
[2018-12-24 17:42:06.717] [INFO] [default] - SEND HTTP：{"method":"GET","url":"http://datiqi.aixuexi.com/terminator/api/dataDocking/get.do?key=d1cdf9e5-028b-4727-9983-4846041eed51","data":{"key":"d1cdf9e5-028b-4727-9983-4846041eed51"},"headers":{"Content-Type":"application/json","token":null,"userId":0,"version":"1.1.8"},"json":true}
[2018-12-24 17:42:06.800] [INFO] [default] - RESPONSE HTTP：{"status":1,"errorCode":0,"errorMessage":"","body":"没有查到相应数据"}
[2018-12-24 17:42:07.719] [INFO] [default] - SEND HTTP：{"method":"GET","url":"http://datiqi.aixuexi.com/terminator/api/dataDocking/get.do?key=d1cdf9e5-028b-4727-9983-4846041eed51","data":{"key":"d1cdf9e5-028b-4727-9983-4846041eed51"},"headers":{"Content-Type":"application/json","token":null,"userId":0,"version":"1.1.8"},"json":true}
[2018-12-24 17:42:07.805] [INFO] [default] - RESPONSE HTTP：{"status":1,"errorCode":0,"errorMessage":"","body":"没有查到相应数据"}
[2018-12-24 17:42:08.718] [INFO] [default] - SEND HTTP：{"method":"GET","url":"http://datiqi.aixuexi.com/terminator/api/dataDocking/get.do?key=d1cdf9e5-028b-4727-9983-4846041eed51","data":{"key":"d1cdf9e5-028b-4727-9983-4846041eed51"},"headers":{"Content-Type":"application/json","token":null,"userId":0,"version":"1.1.8"},"json":true}
[2018-12-24 17:42:08.808] [INFO] [default] - RESPONSE HTTP：{"status":1,"errorCode":0,"errorMessage":"","body":"没有查到相应数据"}
[2018-12-24 17:42:09.718] [INFO] [default] - SEND HTTP：{"method":"GET","url":"http://datiqi.aixuexi.com/terminator/api/dataDocking/get.do?key=d1cdf9e5-028b-4727-9983-4846041eed51","data":{"key":"d1cdf9e5-028b-4727-9983-4846041eed51"},"headers":{"Content-Type":"application/json","token":null,"userId":0,"version":"1.1.8"},"json":true}
[2018-12-24 17:42:09.801] [INFO] [default] - RESPONSE HTTP：{"status":1,"errorCode":0,"errorMessage":"","body":"没有查到相应数据"}
[2018-12-24 17:42:10.718] [INFO] [default] - SEND HTTP：{"method":"GET","url":"http://datiqi.aixuexi.com/terminator/api/dataDocking/get.do?key=d1cdf9e5-028b-4727-9983-4846041eed51","data":{"key":"d1cdf9e5-028b-4727-9983-4846041eed51"},"headers":{"Content-Type":"application/json","token":null,"userId":0,"version":"1.1.8"},"json":true}
[2018-12-24 17:42:10.830] [INFO] [default] - RESPONSE HTTP：{"status":1,"errorCode":0,"errorMessage":"","body":"没有查到相应数据"}
[2018-12-24 17:42:11.718] [INFO] [default] - SEND HTTP：{"method":"GET","url":"http://datiqi.aixuexi.com/terminator/api/dataDocking/get.do?key=d1cdf9e5-028b-4727-9983-4846041eed51","data":{"key":"d1cdf9e5-028b-4727-9983-4846041eed51"},"headers":{"Content-Type":"application/json","token":null,"userId":0,"version":"1.1.8"},"json":true}
[2018-12-24 17:42:11.835] [INFO] [default] - RESPONSE HTTP：{"status":1,"errorCode":0,"errorMessage":"","body":"没有查到相应数据"}
[2018-12-24 17:42:12.718] [INFO] [default] - SEND HTTP：{"method":"GET","url":"http://datiqi.aixuexi.com/terminator/api/dataDocking/get.do?key=d1cdf9e5-028b-4727-9983-4846041eed51","data":{"key":"d1cdf9e5-028b-4727-9983-4846041eed51"},"headers":{"Content-Type":"application/json","token":null,"userId":0,"version":"1.1.8"},"json":true}
[2018-12-24 17:42:12.799] [INFO] [default] - RESPONSE HTTP：{"status":1,"errorCode":0,"errorMessage":"","body":"没有查到相应数据"}
[2018-12-24 17:42:13.718] [INFO] [default] - SEND HTTP：{"method":"GET","url":"http://datiqi.aixuexi.com/terminator/api/dataDocking/get.do?key=d1cdf9e5-028b-4727-9983-4846041eed51","data":{"key":"d1cdf9e5-028b-4727-9983-4846041eed51"},"headers":{"Content-Type":"application/json","token":null,"userId":0,"version":"1.1.8"},"json":true}
[2018-12-24 17:42:13.800] [INFO] [default] - RESPONSE HTTP：{"status":1,"errorCode":0,"errorMessage":"","body":"没有查到相应数据"}
[2018-12-24 17:42:14.717] [INFO] [default] - SEND HTTP：{"method":"GET","url":"http://datiqi.aixuexi.com/terminator/api/dataDocking/get.do?key=d1cdf9e5-028b-4727-9983-4846041eed51","data":{"key":"d1cdf9e5-028b-4727-9983-4846041eed51"},"headers":{"Content-Type":"application/json","token":null,"userId":0,"version":"1.1.8"},"json":true}
[2018-12-24 17:42:14.834] [INFO] [default] - RESPONSE HTTP：{"status":1,"errorCode":0,"errorMessage":"","body":"没有查到相应数据"}
[2018-12-24 17:42:15.717] [INFO] [default] - SEND HTTP：{"method":"GET","url":"http://datiqi.aixuexi.com/terminator/api/dataDocking/get.do?key=d1cdf9e5-028b-4727-9983-4846041eed51","data":{"key":"d1cdf9e5-028b-4727-9983-4846041eed51"},"headers":{"Content-Type":"application/json","token":null,"userId":0,"version":"1.1.8"},"json":true}
[2018-12-24 17:42:15.793] [INFO] [default] - RESPONSE HTTP：{"status":1,"errorCode":0,"errorMessage":"","body":"没有查到相应数据"}
[2018-12-24 17:42:16.717] [INFO] [default] - SEND HTTP：{"method":"GET","url":"http://datiqi.aixuexi.com/terminator/api/dataDocking/get.do?key=d1cdf9e5-028b-4727-9983-4846041eed51","data":{"key":"d1cdf9e5-028b-4727-9983-4846041eed51"},"headers":{"Content-Type":"application/json","token":null,"userId":0,"version":"1.1.8"},"json":true}
[2018-12-24 17:42:16.797] [INFO] [default] - RESPONSE HTTP：{"status":1,"errorCode":0,"errorMessage":"","body":"没有查到相应数据"}
[2018-12-24 17:42:17.721] [INFO] [default] - SEND HTTP：{"method":"GET","url":"http://datiqi.aixuexi.com/terminator/api/dataDocking/get.do?key=d1cdf9e5-028b-4727-9983-4846041eed51","data":{"key":"d1cdf9e5-028b-4727-9983-4846041eed51"},"headers":{"Content-Type":"application/json","token":null,"userId":0,"version":"1.1.8"},"json":true}
[2018-12-24 17:42:17.810] [INFO] [default] - RESPONSE HTTP：{"status":1,"errorCode":0,"errorMessage":"","body":"没有查到相应数据"}
[2018-12-24 17:42:18.719] [INFO] [default] - SEND HTTP：{"method":"GET","url":"http://datiqi.aixuexi.com/terminator/api/dataDocking/get.do?key=d1cdf9e5-028b-4727-9983-4846041eed51","data":{"key":"d1cdf9e5-028b-4727-9983-4846041eed51"},"headers":{"Content-Type":"application/json","token":null,"userId":0,"version":"1.1.8"},"json":true}
[2018-12-24 17:42:18.791] [INFO] [default] - RESPONSE HTTP：{"status":1,"errorCode":0,"errorMessage":"","body":"没有查到相应数据"}
[2018-12-24 17:42:19.718] [INFO] [default] - SEND HTTP：{"method":"GET","url":"http://datiqi.aixuexi.com/terminator/api/dataDocking/get.do?key=d1cdf9e5-028b-4727-9983-4846041eed51","data":{"key":"d1cdf9e5-028b-4727-9983-4846041eed51"},"headers":{"Content-Type":"application/json","token":null,"userId":0,"version":"1.1.8"},"json":true}
[2018-12-24 17:42:19.812] [INFO] [default] - RESPONSE HTTP：{"status":1,"errorCode":0,"errorMessage":"","body":"没有查到相应数据"}
[2018-12-24 17:42:20.718] [INFO] [default] - SEND HTTP：{"method":"GET","url":"http://datiqi.aixuexi.com/terminator/api/dataDocking/get.do?key=d1cdf9e5-028b-4727-9983-4846041eed51","data":{"key":"d1cdf9e5-028b-4727-9983-4846041eed51"},"headers":{"Content-Type":"application/json","token":null,"userId":0,"version":"1.1.8"},"json":true}
[2018-12-24 17:42:20.826] [INFO] [default] - RESPONSE HTTP：{"status":1,"errorCode":0,"errorMessage":"","body":"没有查到相应数据"}
[2018-12-24 17:42:21.718] [INFO] [default] - SEND HTTP：{"method":"GET","url":"http://datiqi.aixuexi.com/terminator/api/dataDocking/get.do?key=d1cdf9e5-028b-4727-9983-4846041eed51","data":{"key":"d1cdf9e5-028b-4727-9983-4846041eed51"},"headers":{"Content-Type":"application/json","token":null,"userId":0,"version":"1.1.8"},"json":true}
[2018-12-24 17:42:21.821] [INFO] [default] - RESPONSE HTTP：{"status":1,"errorCode":0,"errorMessage":"","body":"没有查到相应数据"}
[2018-12-24 17:42:22.718] [INFO] [default] - SEND HTTP：{"method":"GET","url":"http://datiqi.aixuexi.com/terminator/api/dataDocking/get.do?key=d1cdf9e5-028b-4727-9983-4846041eed51","data":{"key":"d1cdf9e5-028b-4727-9983-4846041eed51"},"headers":{"Content-Type":"application/json","token":null,"userId":0,"version":"1.1.8"},"json":true}
[2018-12-24 17:42:22.833] [INFO] [default] - RESPONSE HTTP：{"status":1,"errorCode":0,"errorMessage":"","body":"没有查到相应数据"}
[2018-12-24 17:42:23.719] [INFO] [default] - SEND HTTP：{"method":"GET","url":"http://datiqi.aixuexi.com/terminator/api/dataDocking/get.do?key=d1cdf9e5-028b-4727-9983-4846041eed51","data":{"key":"d1cdf9e5-028b-4727-9983-4846041eed51"},"headers":{"Content-Type":"application/json","token":null,"userId":0,"version":"1.1.8"},"json":true}
[2018-12-24 17:42:23.828] [INFO] [default] - RESPONSE HTTP：{"status":1,"errorCode":0,"errorMessage":"","body":"没有查到相应数据"}
[2018-12-24 17:42:24.718] [INFO] [default] - SEND HTTP：{"method":"GET","url":"http://datiqi.aixuexi.com/terminator/api/dataDocking/get.do?key=d1cdf9e5-028b-4727-9983-4846041eed51","data":{"key":"d1cdf9e5-028b-4727-9983-4846041eed51"},"headers":{"Content-Type":"application/json","token":null,"userId":0,"version":"1.1.8"},"json":true}
[2018-12-24 17:42:24.816] [INFO] [default] - RESPONSE HTTP：{"status":1,"errorCode":0,"errorMessage":"","body":"没有查到相应数据"}
[2018-12-24 17:42:25.718] [INFO] [default] - SEND HTTP：{"method":"GET","url":"http://datiqi.aixuexi.com/terminator/api/dataDocking/get.do?key=d1cdf9e5-028b-4727-9983-4846041eed51","data":{"key":"d1cdf9e5-028b-4727-9983-4846041eed51"},"headers":{"Content-Type":"application/json","token":null,"userId":0,"version":"1.1.8"},"json":true}
[2018-12-24 17:42:25.806] [INFO] [default] - RESPONSE HTTP：{"status":1,"errorCode":0,"errorMessage":"","body":"没有查到相应数据"}
[2018-12-24 17:42:26.719] [INFO] [default] - SEND HTTP：{"method":"GET","url":"http://datiqi.aixuexi.com/terminator/api/dataDocking/get.do?key=d1cdf9e5-028b-4727-9983-4846041eed51","data":{"key":"d1cdf9e5-028b-4727-9983-4846041eed51"},"headers":{"Content-Type":"application/json","token":null,"userId":0,"version":"1.1.8"},"json":true}
[2018-12-24 17:42:26.825] [INFO] [default] - RESPONSE HTTP：{"status":1,"errorCode":0,"errorMessage":"","body":"没有查到相应数据"}
[2018-12-24 17:42:27.718] [INFO] [default] - SEND HTTP：{"method":"GET","url":"http://datiqi.aixuexi.com/terminator/api/dataDocking/get.do?key=d1cdf9e5-028b-4727-9983-4846041eed51","data":{"key":"d1cdf9e5-028b-4727-9983-4846041eed51"},"headers":{"Content-Type":"application/json","token":null,"userId":0,"version":"1.1.8"},"json":true}
[2018-12-24 17:42:27.835] [INFO] [default] - RESPONSE HTTP：{"status":1,"errorCode":0,"errorMessage":"","body":"没有查到相应数据"}
[2018-12-24 17:42:28.719] [INFO] [default] - SEND HTTP：{"method":"GET","url":"http://datiqi.aixuexi.com/terminator/api/dataDocking/get.do?key=d1cdf9e5-028b-4727-9983-4846041eed51","data":{"key":"d1cdf9e5-028b-4727-9983-4846041eed51"},"headers":{"Content-Type":"application/json","token":null,"userId":0,"version":"1.1.8"},"json":true}
[2018-12-24 17:42:28.800] [INFO] [default] - RESPONSE HTTP：{"status":1,"errorCode":0,"errorMessage":"","body":"没有查到相应数据"}
[2018-12-24 17:42:29.718] [INFO] [default] - SEND HTTP：{"method":"GET","url":"http://datiqi.aixuexi.com/terminator/api/dataDocking/get.do?key=d1cdf9e5-028b-4727-9983-4846041eed51","data":{"key":"d1cdf9e5-028b-4727-9983-4846041eed51"},"headers":{"Content-Type":"application/json","token":null,"userId":0,"version":"1.1.8"},"json":true}
[2018-12-24 17:42:29.879] [INFO] [default] - RESPONSE HTTP：{"status":1,"errorCode":0,"errorMessage":"","body":"没有查到相应数据"}
[2018-12-24 17:42:30.720] [INFO] [default] - SEND HTTP：{"method":"GET","url":"http://datiqi.aixuexi.com/terminator/api/dataDocking/get.do?key=d1cdf9e5-028b-4727-9983-4846041eed51","data":{"key":"d1cdf9e5-028b-4727-9983-4846041eed51"},"headers":{"Content-Type":"application/json","token":null,"userId":0,"version":"1.1.8"},"json":true}
[2018-12-24 17:42:30.834] [INFO] [default] - RESPONSE HTTP：{"status":1,"errorCode":0,"errorMessage":"","body":"没有查到相应数据"}
[2018-12-24 17:42:31.719] [INFO] [default] - SEND HTTP：{"method":"GET","url":"http://datiqi.aixuexi.com/terminator/api/dataDocking/get.do?key=d1cdf9e5-028b-4727-9983-4846041eed51","data":{"key":"d1cdf9e5-028b-4727-9983-4846041eed51"},"headers":{"Content-Type":"application/json","token":null,"userId":0,"version":"1.1.8"},"json":true}
[2018-12-24 17:42:31.798] [INFO] [default] - RESPONSE HTTP：{"status":1,"errorCode":0,"errorMessage":"","body":"没有查到相应数据"}
[2018-12-24 17:42:32.718] [INFO] [default] - SEND HTTP：{"method":"GET","url":"http://datiqi.aixuexi.com/terminator/api/dataDocking/get.do?key=d1cdf9e5-028b-4727-9983-4846041eed51","data":{"key":"d1cdf9e5-028b-4727-9983-4846041eed51"},"headers":{"Content-Type":"application/json","token":null,"userId":0,"version":"1.1.8"},"json":true}
[2018-12-24 17:42:32.799] [INFO] [default] - RESPONSE HTTP：{"status":1,"errorCode":0,"errorMessage":"","body":"没有查到相应数据"}
[2018-12-24 17:42:33.718] [INFO] [default] - SEND HTTP：{"method":"GET","url":"http://datiqi.aixuexi.com/terminator/api/dataDocking/get.do?key=d1cdf9e5-028b-4727-9983-4846041eed51","data":{"key":"d1cdf9e5-028b-4727-9983-4846041eed51"},"headers":{"Content-Type":"application/json","token":null,"userId":0,"version":"1.1.8"},"json":true}
[2018-12-24 17:42:33.829] [INFO] [default] - RESPONSE HTTP：{"status":1,"errorCode":0,"errorMessage":"","body":"没有查到相应数据"}
[2018-12-24 17:42:34.719] [INFO] [default] - SEND HTTP：{"method":"GET","url":"http://datiqi.aixuexi.com/terminator/api/dataDocking/get.do?key=d1cdf9e5-028b-4727-9983-4846041eed51","data":{"key":"d1cdf9e5-028b-4727-9983-4846041eed51"},"headers":{"Content-Type":"application/json","token":null,"userId":0,"version":"1.1.8"},"json":true}
[2018-12-24 17:42:34.838] [INFO] [default] - RESPONSE HTTP：{"status":1,"errorCode":0,"errorMessage":"","body":"没有查到相应数据"}
[2018-12-24 17:42:35.719] [INFO] [default] - SEND HTTP：{"method":"GET","url":"http://datiqi.aixuexi.com/terminator/api/dataDocking/get.do?key=d1cdf9e5-028b-4727-9983-4846041eed51","data":{"key":"d1cdf9e5-028b-4727-9983-4846041eed51"},"headers":{"Content-Type":"application/json","token":null,"userId":0,"version":"1.1.8"},"json":true}
[2018-12-24 17:42:35.826] [INFO] [default] - RESPONSE HTTP：{"status":1,"errorCode":0,"errorMessage":"","body":"没有查到相应数据"}
[2018-12-24 17:42:36.719] [INFO] [default] - SEND HTTP：{"method":"GET","url":"http://datiqi.aixuexi.com/terminator/api/dataDocking/get.do?key=d1cdf9e5-028b-4727-9983-4846041eed51","data":{"key":"d1cdf9e5-028b-4727-9983-4846041eed51"},"headers":{"Content-Type":"application/json","token":null,"userId":0,"version":"1.1.8"},"json":true}
[2018-12-24 17:42:36.799] [INFO] [default] - RESPONSE HTTP：{"status":1,"errorCode":0,"errorMessage":"","body":"没有查到相应数据"}
[2018-12-24 17:42:37.719] [INFO] [default] - SEND HTTP：{"method":"GET","url":"http://datiqi.aixuexi.com/terminator/api/dataDocking/get.do?key=d1cdf9e5-028b-4727-9983-4846041eed51","data":{"key":"d1cdf9e5-028b-4727-9983-4846041eed51"},"headers":{"Content-Type":"application/json","token":null,"userId":0,"version":"1.1.8"},"json":true}
[2018-12-24 17:42:37.810] [INFO] [default] - RESPONSE HTTP：{"status":1,"errorCode":0,"errorMessage":"","body":"没有查到相应数据"}
[2018-12-24 17:42:38.719] [INFO] [default] - SEND HTTP：{"method":"GET","url":"http://datiqi.aixuexi.com/terminator/api/dataDocking/get.do?key=d1cdf9e5-028b-4727-9983-4846041eed51","data":{"key":"d1cdf9e5-028b-4727-9983-4846041eed51"},"headers":{"Content-Type":"application/json","token":null,"userId":0,"version":"1.1.8"},"json":true}
[2018-12-24 17:42:38.881] [INFO] [default] - RESPONSE HTTP：{"status":1,"errorCode":0,"errorMessage":"","body":"没有查到相应数据"}
[2018-12-24 17:42:39.720] [INFO] [default] - SEND HTTP：{"method":"GET","url":"http://datiqi.aixuexi.com/terminator/api/dataDocking/get.do?key=d1cdf9e5-028b-4727-9983-4846041eed51","data":{"key":"d1cdf9e5-028b-4727-9983-4846041eed51"},"headers":{"Content-Type":"application/json","token":null,"userId":0,"version":"1.1.8"},"json":true}
[2018-12-24 17:42:39.839] [INFO] [default] - RESPONSE HTTP：{"status":1,"errorCode":0,"errorMessage":"","body":"没有查到相应数据"}
[2018-12-24 17:42:40.719] [INFO] [default] - SEND HTTP：{"method":"GET","url":"http://datiqi.aixuexi.com/terminator/api/dataDocking/get.do?key=d1cdf9e5-028b-4727-9983-4846041eed51","data":{"key":"d1cdf9e5-028b-4727-9983-4846041eed51"},"headers":{"Content-Type":"application/json","token":null,"userId":0,"version":"1.1.8"},"json":true}
[2018-12-24 17:42:40.806] [INFO] [default] - RESPONSE HTTP：{"status":1,"errorCode":0,"errorMessage":"","body":"没有查到相应数据"}
[2018-12-24 17:42:41.718] [INFO] [default] - SEND HTTP：{"method":"GET","url":"http://datiqi.aixuexi.com/terminator/api/dataDocking/get.do?key=d1cdf9e5-028b-4727-9983-4846041eed51","data":{"key":"d1cdf9e5-028b-4727-9983-4846041eed51"},"headers":{"Content-Type":"application/json","token":null,"userId":0,"version":"1.1.8"},"json":true}
[2018-12-24 17:42:41.830] [INFO] [default] - RESPONSE HTTP：{"status":1,"errorCode":0,"errorMessage":"","body":"没有查到相应数据"}
[2018-12-24 17:42:42.717] [INFO] [default] - SEND HTTP：{"method":"GET","url":"http://datiqi.aixuexi.com/terminator/api/dataDocking/get.do?key=d1cdf9e5-028b-4727-9983-4846041eed51","data":{"key":"d1cdf9e5-028b-4727-9983-4846041eed51"},"headers":{"Content-Type":"application/json","token":null,"userId":0,"version":"1.1.8"},"json":true}
[2018-12-24 17:42:42.804] [INFO] [default] - RESPONSE HTTP：{"status":1,"errorCode":0,"errorMessage":"","body":"没有查到相应数据"}
[2018-12-24 17:42:43.718] [INFO] [default] - SEND HTTP：{"method":"GET","url":"http://datiqi.aixuexi.com/terminator/api/dataDocking/get.do?key=d1cdf9e5-028b-4727-9983-4846041eed51","data":{"key":"d1cdf9e5-028b-4727-9983-4846041eed51"},"headers":{"Content-Type":"application/json","token":null,"userId":0,"version":"1.1.8"},"json":true}
[2018-12-24 17:42:43.804] [INFO] [default] - RESPONSE HTTP：{"status":1,"errorCode":0,"errorMessage":"","body":"没有查到相应数据"}
[2018-12-24 17:42:44.719] [INFO] [default] - SEND HTTP：{"method":"GET","url":"http://datiqi.aixuexi.com/terminator/api/dataDocking/get.do?key=d1cdf9e5-028b-4727-9983-4846041eed51","data":{"key":"d1cdf9e5-028b-4727-9983-4846041eed51"},"headers":{"Content-Type":"application/json","token":null,"userId":0,"version":"1.1.8"},"json":true}
[2018-12-24 17:42:44.796] [INFO] [default] - RESPONSE HTTP：{"status":1,"errorCode":0,"errorMessage":"","body":"没有查到相应数据"}
[2018-12-24 17:42:45.719] [INFO] [default] - SEND HTTP：{"method":"GET","url":"http://datiqi.aixuexi.com/terminator/api/dataDocking/get.do?key=d1cdf9e5-028b-4727-9983-4846041eed51","data":{"key":"d1cdf9e5-028b-4727-9983-4846041eed51"},"headers":{"Content-Type":"application/json","token":null,"userId":0,"version":"1.1.8"},"json":true}
[2018-12-24 17:42:45.829] [INFO] [default] - RESPONSE HTTP：{"status":1,"errorCode":0,"errorMessage":"","body":"没有查到相应数据"}
[2018-12-24 17:42:46.719] [INFO] [default] - SEND HTTP：{"method":"GET","url":"http://datiqi.aixuexi.com/terminator/api/dataDocking/get.do?key=d1cdf9e5-028b-4727-9983-4846041eed51","data":{"key":"d1cdf9e5-028b-4727-9983-4846041eed51"},"headers":{"Content-Type":"application/json","token":null,"userId":0,"version":"1.1.8"},"json":true}
[2018-12-24 17:42:46.828] [INFO] [default] - RESPONSE HTTP：{"status":1,"errorCode":0,"errorMessage":"","body":"没有查到相应数据"}
[2018-12-24 17:42:47.719] [INFO] [default] - SEND HTTP：{"method":"GET","url":"http://datiqi.aixuexi.com/terminator/api/dataDocking/get.do?key=d1cdf9e5-028b-4727-9983-4846041eed51","data":{"key":"d1cdf9e5-028b-4727-9983-4846041eed51"},"headers":{"Content-Type":"application/json","token":null,"userId":0,"version":"1.1.8"},"json":true}
[2018-12-24 17:42:47.802] [INFO] [default] - RESPONSE HTTP：{"status":1,"errorCode":0,"errorMessage":"","body":"没有查到相应数据"}
[2018-12-24 17:42:48.718] [INFO] [default] - SEND HTTP：{"method":"GET","url":"http://datiqi.aixuexi.com/terminator/api/dataDocking/get.do?key=d1cdf9e5-028b-4727-9983-4846041eed51","data":{"key":"d1cdf9e5-028b-4727-9983-4846041eed51"},"headers":{"Content-Type":"application/json","token":null,"userId":0,"version":"1.1.8"},"json":true}
[2018-12-24 17:42:48.816] [INFO] [default] - RESPONSE HTTP：{"status":1,"errorCode":0,"errorMessage":"","body":"没有查到相应数据"}
[2018-12-24 17:42:49.719] [INFO] [default] - SEND HTTP：{"method":"GET","url":"http://datiqi.aixuexi.com/terminator/api/dataDocking/get.do?key=d1cdf9e5-028b-4727-9983-4846041eed51","data":{"key":"d1cdf9e5-028b-4727-9983-4846041eed51"},"headers":{"Content-Type":"application/json","token":null,"userId":0,"version":"1.1.8"},"json":true}
[2018-12-24 17:42:49.830] [INFO] [default] - RESPONSE HTTP：{"status":1,"errorCode":0,"errorMessage":"","body":"没有查到相应数据"}
[2018-12-24 17:42:50.718] [INFO] [default] - SEND HTTP：{"method":"GET","url":"http://datiqi.aixuexi.com/terminator/api/dataDocking/get.do?key=d1cdf9e5-028b-4727-9983-4846041eed51","data":{"key":"d1cdf9e5-028b-4727-9983-4846041eed51"},"headers":{"Content-Type":"application/json","token":null,"userId":0,"version":"1.1.8"},"json":true}
[2018-12-24 17:42:50.827] [INFO] [default] - RESPONSE HTTP：{"status":1,"errorCode":0,"errorMessage":"","body":"没有查到相应数据"}
[2018-12-24 17:42:51.719] [INFO] [default] - SEND HTTP：{"method":"GET","url":"http://datiqi.aixuexi.com/terminator/api/dataDocking/get.do?key=d1cdf9e5-028b-4727-9983-4846041eed51","data":{"key":"d1cdf9e5-028b-4727-9983-4846041eed51"},"headers":{"Content-Type":"application/json","token":null,"userId":0,"version":"1.1.8"},"json":true}
[2018-12-24 17:42:51.800] [INFO] [default] - RESPONSE HTTP：{"status":1,"errorCode":0,"errorMessage":"","body":"没有查到相应数据"}
[2018-12-24 17:42:52.719] [INFO] [default] - SEND HTTP：{"method":"GET","url":"http://datiqi.aixuexi.com/terminator/api/dataDocking/get.do?key=d1cdf9e5-028b-4727-9983-4846041eed51","data":{"key":"d1cdf9e5-028b-4727-9983-4846041eed51"},"headers":{"Content-Type":"application/json","token":null,"userId":0,"version":"1.1.8"},"json":true}
[2018-12-24 17:42:52.799] [INFO] [default] - RESPONSE HTTP：{"status":1,"errorCode":0,"errorMessage":"","body":"没有查到相应数据"}
[2018-12-24 17:42:53.718] [INFO] [default] - SEND HTTP：{"method":"GET","url":"http://datiqi.aixuexi.com/terminator/api/dataDocking/get.do?key=d1cdf9e5-028b-4727-9983-4846041eed51","data":{"key":"d1cdf9e5-028b-4727-9983-4846041eed51"},"headers":{"Content-Type":"application/json","token":null,"userId":0,"version":"1.1.8"},"json":true}
[2018-12-24 17:42:53.809] [INFO] [default] - RESPONSE HTTP：{"status":1,"errorCode":0,"errorMessage":"","body":"没有查到相应数据"}
[2018-12-24 17:42:54.718] [INFO] [default] - SEND HTTP：{"method":"GET","url":"http://datiqi.aixuexi.com/terminator/api/dataDocking/get.do?key=d1cdf9e5-028b-4727-9983-4846041eed51","data":{"key":"d1cdf9e5-028b-4727-9983-4846041eed51"},"headers":{"Content-Type":"application/json","token":null,"userId":0,"version":"1.1.8"},"json":true}
[2018-12-24 17:42:54.837] [INFO] [default] - RESPONSE HTTP：{"status":1,"errorCode":0,"errorMessage":"","body":"没有查到相应数据"}
[2018-12-24 17:42:55.718] [INFO] [default] - SEND HTTP：{"method":"GET","url":"http://datiqi.aixuexi.com/terminator/api/dataDocking/get.do?key=d1cdf9e5-028b-4727-9983-4846041eed51","data":{"key":"d1cdf9e5-028b-4727-9983-4846041eed51"},"headers":{"Content-Type":"application/json","token":null,"userId":0,"version":"1.1.8"},"json":true}
[2018-12-24 17:42:55.800] [INFO] [default] - RESPONSE HTTP：{"status":1,"errorCode":0,"errorMessage":"","body":"没有查到相应数据"}
[2018-12-24 17:42:56.719] [INFO] [default] - SEND HTTP：{"method":"GET","url":"http://datiqi.aixuexi.com/terminator/api/dataDocking/get.do?key=d1cdf9e5-028b-4727-9983-4846041eed51","data":{"key":"d1cdf9e5-028b-4727-9983-4846041eed51"},"headers":{"Content-Type":"application/json","token":null,"userId":0,"version":"1.1.8"},"json":true}
[2018-12-24 17:42:56.804] [INFO] [default] - RESPONSE HTTP：{"status":1,"errorCode":0,"errorMessage":"","body":"没有查到相应数据"}
[2018-12-24 17:42:57.718] [INFO] [default] - SEND HTTP：{"method":"GET","url":"http://datiqi.aixuexi.com/terminator/api/dataDocking/get.do?key=d1cdf9e5-028b-4727-9983-4846041eed51","data":{"key":"d1cdf9e5-028b-4727-9983-4846041eed51"},"headers":{"Content-Type":"application/json","token":null,"userId":0,"version":"1.1.8"},"json":true}
[2018-12-24 17:42:57.807] [INFO] [default] - RESPONSE HTTP：{"status":1,"errorCode":0,"errorMessage":"","body":"没有查到相应数据"}
[2018-12-24 17:42:58.719] [INFO] [default] - SEND HTTP：{"method":"GET","url":"http://datiqi.aixuexi.com/terminator/api/dataDocking/get.do?key=d1cdf9e5-028b-4727-9983-4846041eed51","data":{"key":"d1cdf9e5-028b-4727-9983-4846041eed51"},"headers":{"Content-Type":"application/json","token":null,"userId":0,"version":"1.1.8"},"json":true}
[2018-12-24 17:42:58.818] [INFO] [default] - RESPONSE HTTP：{"status":1,"errorCode":0,"errorMessage":"","body":"没有查到相应数据"}
[2018-12-24 17:42:59.718] [INFO] [default] - SEND HTTP：{"method":"GET","url":"http://datiqi.aixuexi.com/terminator/api/dataDocking/get.do?key=d1cdf9e5-028b-4727-9983-4846041eed51","data":{"key":"d1cdf9e5-028b-4727-9983-4846041eed51"},"headers":{"Content-Type":"application/json","token":null,"userId":0,"version":"1.1.8"},"json":true}
[2018-12-24 17:42:59.800] [INFO] [default] - RESPONSE HTTP：{"status":1,"errorCode":0,"errorMessage":"","body":"没有查到相应数据"}
[2018-12-24 17:43:00.718] [INFO] [default] - SEND HTTP：{"method":"GET","url":"http://datiqi.aixuexi.com/terminator/api/dataDocking/get.do?key=d1cdf9e5-028b-4727-9983-4846041eed51","data":{"key":"d1cdf9e5-028b-4727-9983-4846041eed51"},"headers":{"Content-Type":"application/json","token":null,"userId":0,"version":"1.1.8"},"json":true}
[2018-12-24 17:43:00.803] [INFO] [default] - RESPONSE HTTP：{"status":1,"errorCode":0,"errorMessage":"","body":"没有查到相应数据"}
[2018-12-24 17:43:01.717] [INFO] [default] - SEND HTTP：{"method":"GET","url":"http://datiqi.aixuexi.com/terminator/api/dataDocking/get.do?key=d1cdf9e5-028b-4727-9983-4846041eed51","data":{"key":"d1cdf9e5-028b-4727-9983-4846041eed51"},"headers":{"Content-Type":"application/json","token":null,"userId":0,"version":"1.1.8"},"json":true}
[2018-12-24 17:43:01.800] [INFO] [default] - RESPONSE HTTP：{"status":1,"errorCode":0,"errorMessage":"","body":"没有查到相应数据"}
[2018-12-24 17:43:02.719] [INFO] [default] - SEND HTTP：{"method":"GET","url":"http://datiqi.aixuexi.com/terminator/api/dataDocking/get.do?key=d1cdf9e5-028b-4727-9983-4846041eed51","data":{"key":"d1cdf9e5-028b-4727-9983-4846041eed51"},"headers":{"Content-Type":"application/json","token":null,"userId":0,"version":"1.1.8"},"json":true}
[2018-12-24 17:43:02.806] [INFO] [default] - RESPONSE HTTP：{"status":1,"errorCode":0,"errorMessage":"","body":"没有查到相应数据"}
[2018-12-24 17:43:03.717] [INFO] [default] - SEND HTTP：{"method":"GET","url":"http://datiqi.aixuexi.com/terminator/api/dataDocking/get.do?key=d1cdf9e5-028b-4727-9983-4846041eed51","data":{"key":"d1cdf9e5-028b-4727-9983-4846041eed51"},"headers":{"Content-Type":"application/json","token":null,"userId":0,"version":"1.1.8"},"json":true}
[2018-12-24 17:43:03.801] [INFO] [default] - RESPONSE HTTP：{"status":1,"errorCode":0,"errorMessage":"","body":"没有查到相应数据"}
[2018-12-24 17:43:04.719] [INFO] [default] - SEND HTTP：{"method":"GET","url":"http://datiqi.aixuexi.com/terminator/api/dataDocking/get.do?key=d1cdf9e5-028b-4727-9983-4846041eed51","data":{"key":"d1cdf9e5-028b-4727-9983-4846041eed51"},"headers":{"Content-Type":"application/json","token":null,"userId":0,"version":"1.1.8"},"json":true}
[2018-12-24 17:43:04.829] [INFO] [default] - RESPONSE HTTP：{"status":1,"errorCode":0,"errorMessage":"","body":"没有查到相应数据"}
[2018-12-24 17:43:05.718] [INFO] [default] - SEND HTTP：{"method":"GET","url":"http://datiqi.aixuexi.com/terminator/api/dataDocking/get.do?key=d1cdf9e5-028b-4727-9983-4846041eed51","data":{"key":"d1cdf9e5-028b-4727-9983-4846041eed51"},"headers":{"Content-Type":"application/json","token":null,"userId":0,"version":"1.1.8"},"json":true}
[2018-12-24 17:43:05.826] [INFO] [default] - RESPONSE HTTP：{"status":1,"errorCode":0,"errorMessage":"","body":"没有查到相应数据"}
[2018-12-24 17:43:06.719] [INFO] [default] - SEND HTTP：{"method":"GET","url":"http://datiqi.aixuexi.com/terminator/api/dataDocking/get.do?key=d1cdf9e5-028b-4727-9983-4846041eed51","data":{"key":"d1cdf9e5-028b-4727-9983-4846041eed51"},"headers":{"Content-Type":"application/json","token":null,"userId":0,"version":"1.1.8"},"json":true}
[2018-12-24 17:43:06.821] [INFO] [default] - RESPONSE HTTP：{"status":1,"errorCode":0,"errorMessage":"","body":"没有查到相应数据"}
[2018-12-24 17:43:07.720] [INFO] [default] - SEND HTTP：{"method":"GET","url":"http://datiqi.aixuexi.com/terminator/api/dataDocking/get.do?key=d1cdf9e5-028b-4727-9983-4846041eed51","data":{"key":"d1cdf9e5-028b-4727-9983-4846041eed51"},"headers":{"Content-Type":"application/json","token":null,"userId":0,"version":"1.1.8"},"json":true}
[2018-12-24 17:43:07.830] [INFO] [default] - RESPONSE HTTP：{"status":1,"errorCode":0,"errorMessage":"","body":"没有查到相应数据"}
[2018-12-24 17:43:08.718] [INFO] [default] - SEND HTTP：{"method":"GET","url":"http://datiqi.aixuexi.com/terminator/api/dataDocking/get.do?key=d1cdf9e5-028b-4727-9983-4846041eed51","data":{"key":"d1cdf9e5-028b-4727-9983-4846041eed51"},"headers":{"Content-Type":"application/json","token":null,"userId":0,"version":"1.1.8"},"json":true}
[2018-12-24 17:43:08.829] [INFO] [default] - RESPONSE HTTP：{"status":1,"errorCode":0,"errorMessage":"","body":"没有查到相应数据"}
[2018-12-24 17:43:09.719] [INFO] [default] - SEND HTTP：{"method":"GET","url":"http://datiqi.aixuexi.com/terminator/api/dataDocking/get.do?key=d1cdf9e5-028b-4727-9983-4846041eed51","data":{"key":"d1cdf9e5-028b-4727-9983-4846041eed51"},"headers":{"Content-Type":"application/json","token":null,"userId":0,"version":"1.1.8"},"json":true}
[2018-12-24 17:43:09.826] [INFO] [default] - RESPONSE HTTP：{"status":1,"errorCode":0,"errorMessage":"","body":"没有查到相应数据"}
[2018-12-24 17:43:10.719] [INFO] [default] - SEND HTTP：{"method":"GET","url":"http://datiqi.aixuexi.com/terminator/api/dataDocking/get.do?key=d1cdf9e5-028b-4727-9983-4846041eed51","data":{"key":"d1cdf9e5-028b-4727-9983-4846041eed51"},"headers":{"Content-Type":"application/json","token":null,"userId":0,"version":"1.1.8"},"json":true}
[2018-12-24 17:43:10.824] [INFO] [default] - RESPONSE HTTP：{"status":1,"errorCode":0,"errorMessage":"","body":"没有查到相应数据"}
[2018-12-24 17:43:11.717] [INFO] [default] - SEND HTTP：{"method":"GET","url":"http://datiqi.aixuexi.com/terminator/api/dataDocking/get.do?key=d1cdf9e5-028b-4727-9983-4846041eed51","data":{"key":"d1cdf9e5-028b-4727-9983-4846041eed51"},"headers":{"Content-Type":"application/json","token":null,"userId":0,"version":"1.1.8"},"json":true}
[2018-12-24 17:43:11.825] [INFO] [default] - RESPONSE HTTP：{"status":1,"errorCode":0,"errorMessage":"","body":"没有查到相应数据"}
[2018-12-24 17:43:16.204] [INFO] [default] - start_mode: , ["E:\\work\\test_dt_auto_frame2\\test_dt_auto_frame1\\apps\\online\\doubleteacher-win32-x64-1.1.1\\doubleteacher.exe","--disable-background-networking","--disable-client-side-phishing-detection","--disable-default-apps","--disable-hang-monitor","--disable-popup-blocking","--disable-prompt-on-repost","--disable-sync","--disable-web-resources","--enable-automation","--enable-logging","--force-fieldtrials=SiteIsolationExtensions/Control","--ignore-certificate-errors","--load-extension=C:\\Users\\s9611\\AppData\\Local\\Temp\\scoped_dir17992_5622\\internal","--log-level=0","--metrics-recording-only","--no-first-run","--password-store=basic","--remote-debugging-port=0","--test-type=webdriver","--use-mock-keychain","--user-data-dir=C:\\Users\\s9611\\AppData\\Local\\Temp\\scoped_dir17992_31739","data:,"]
[2018-12-24 17:43:16.411] [INFO] [default] - userData: C:\Users\s9611\AppData\Roaming\ainemo\NemoRoom\devInfo.txt, {"SN":"9Z278878C2275988","number":"15901039225"}
[2018-12-24 17:43:16.423] [INFO] [default] - SEND HTTP：{"method":"POST","url":"http://api.aixuexi.com/fatestone/version/dt/up.do","data":"appId=4&platformId=4&version=1.1.8&sn=9Z278878C2275988","headers":{"Content-Type":"application/x-www-form-urlencoded","token":null,"userId":0,"version":"1.1.8"},"json":true}
[2018-12-24 17:43:17.730] [INFO] [default] - RESPONSE HTTP：{"status":1,"errorCode":null,"message":null,"data":{"appId":4,"platformId":4,"version":"1.1.8","businessKey":"CANARY","key":"B:1013:K/1545235200/1014b66982ab4957a5662fceb9c93083.zip","wheUper":false,"desc":"答题器掉线后可一键重启，不需要重新签到啦，大家赶紧更新吧！","url":""},"erroCode":null}
[2018-12-24 17:43:19.265] [INFO] [default] - userData: C:\Users\s9611\AppData\Roaming\ainemo\NemoRoom\devInfo.txt, {"SN":"9Z278878C2275988","number":"15901039225"}
[2018-12-24 17:43:19.396] [INFO] [default] - SEND HTTP：{"method":"GET","url":"http://datiqi.aixuexi.com/terminator/api/selfCheck/testing.do?","data":{},"headers":{"Content-Type":"application/json","token":null,"userId":0,"version":"1.1.8"},"json":true}
[2018-12-24 17:43:19.482] [INFO] [default] - SEND HTTP：{"method":"GET","url":"http://datiqi.aixuexi.com/terminator/api/selfCheck/testing.do?","data":{},"headers":{"Content-Type":"application/json","token":null,"userId":0,"version":"1.1.8"},"json":true}
[2018-12-24 17:43:19.491] [INFO] [default] - RESPONSE HTTP：{"status":1,"errorCode":0,"errorMessage":"","body":1545644598779}
[2018-12-24 17:43:19.587] [INFO] [default] - SEND HTTP：{"method":"GET","url":"http://datiqi.aixuexi.com/terminator/api/selfCheck/testing.do?","data":{},"headers":{"Content-Type":"application/json","token":null,"userId":0,"version":"1.1.8"},"json":true}
[2018-12-24 17:43:19.610] [INFO] [default] - RESPONSE HTTP：{"status":1,"errorCode":0,"errorMessage":"","body":1545644598896}
[2018-12-24 17:43:19.680] [INFO] [default] - SEND HTTP：{"method":"GET","url":"http://datiqi.aixuexi.com/terminator/api/selfCheck/testing.do?","data":{},"headers":{"Content-Type":"application/json","token":null,"userId":0,"version":"1.1.8"},"json":true}
[2018-12-24 17:43:19.686] [INFO] [default] - RESPONSE HTTP：{"status":1,"errorCode":0,"errorMessage":"","body":1545644598983}
[2018-12-24 17:43:19.771] [INFO] [default] - RESPONSE HTTP：{"status":1,"errorCode":0,"errorMessage":"","body":1545644599068}
[2018-12-24 17:43:19.782] [INFO] [default] - SEND HTTP：{"method":"GET","url":"http://datiqi.aixuexi.com/terminator/api/selfCheck/testing.do?","data":{},"headers":{"Content-Type":"application/json","token":null,"userId":0,"version":"1.1.8"},"json":true}
[2018-12-24 17:43:19.881] [INFO] [default] - SEND HTTP：{"method":"GET","url":"http://datiqi.aixuexi.com/terminator/api/selfCheck/testing.do?","data":{},"headers":{"Content-Type":"application/json","token":null,"userId":0,"version":"1.1.8"},"json":true}
[2018-12-24 17:43:19.889] [INFO] [default] - RESPONSE HTTP：{"status":1,"errorCode":0,"errorMessage":"","body":1545644599190}
[2018-12-24 17:43:19.989] [INFO] [default] - RESPONSE HTTP：{"status":1,"errorCode":0,"errorMessage":"","body":1545644599291}
[2018-12-24 18:21:39.992] [INFO] [default] - start_mode: , ["E:\\work\\test_dt_auto_frame2\\test_dt_auto_frame1\\apps\\online\\doubleteacher-win32-x64-1.1.1\\doubleteacher.exe","--disable-background-networking","--disable-client-side-phishing-detection","--disable-default-apps","--disable-dev-shm-usage","--disable-hang-monitor","--disable-popup-blocking","--disable-prompt-on-repost","--disable-sync","--disable-web-resources","--enable-automation","--enable-logging","--force-fieldtrials=SiteIsolationExtensions/Control","--ignore-certificate-errors","--load-extension=C:\\Users\\s9611\\AppData\\Local\\Temp\\scoped_dir16716_15548\\internal","--log-level=0","--metrics-recording-only","--no-first-run","--no-sandbox","--password-store=basic","--remote-debugging-port=0","--test-type=webdriver","--use-mock-keychain","--user-data-dir=C:\\Users\\s9611\\AppData\\Local\\Temp\\scoped_dir16716_31369","data:,"]
[2018-12-24 18:21:40.174] [INFO] [default] - userData: C:\Users\s9611\AppData\Roaming\ainemo\NemoRoom\devInfo.txt, {"SN":"9Z278878C2275988","number":"15901039225"}
[2018-12-24 18:21:40.192] [INFO] [default] - SEND HTTP：{"method":"POST","url":"http://api.aixuexi.com/fatestone/version/dt/up.do","data":"appId=4&platformId=4&version=1.1.8&sn=9Z278878C2275988","headers":{"Content-Type":"application/x-www-form-urlencoded","token":null,"userId":0,"version":"1.1.8"},"json":true}
[2018-12-24 18:21:40.426] [INFO] [default] - RESPONSE HTTP：{"status":1,"errorCode":null,"message":null,"data":{"appId":4,"platformId":4,"version":"1.1.8","businessKey":"CANARY","key":"B:1013:K/1545235200/1014b66982ab4957a5662fceb9c93083.zip","wheUper":false,"desc":"答题器掉线后可一键重启，不需要重新签到啦，大家赶紧更新吧！","url":""},"erroCode":null}
[2018-12-24 18:21:41.949] [INFO] [default] - userData: C:\Users\s9611\AppData\Roaming\ainemo\NemoRoom\devInfo.txt, {"SN":"9Z278878C2275988","number":"15901039225"}
[2018-12-24 18:21:42.093] [INFO] [default] - SEND HTTP：{"method":"GET","url":"http://datiqi.aixuexi.com/terminator/api/selfCheck/testing.do?","data":{},"headers":{"Content-Type":"application/json","token":null,"userId":0,"version":"1.1.8"},"json":true}
[2018-12-24 18:21:42.179] [INFO] [default] - SEND HTTP：{"method":"GET","url":"http://datiqi.aixuexi.com/terminator/api/selfCheck/testing.do?","data":{},"headers":{"Content-Type":"application/json","token":null,"userId":0,"version":"1.1.8"},"json":true}
[2018-12-24 18:21:42.290] [INFO] [default] - SEND HTTP：{"method":"GET","url":"http://datiqi.aixuexi.com/terminator/api/selfCheck/testing.do?","data":{},"headers":{"Content-Type":"application/json","token":null,"userId":0,"version":"1.1.8"},"json":true}
[2018-12-24 18:21:42.347] [INFO] [default] - RESPONSE HTTP：{"status":1,"errorCode":0,"errorMessage":"","body":1545646901664}
[2018-12-24 18:21:42.352] [INFO] [default] - RESPONSE HTTP：{"status":1,"errorCode":0,"errorMessage":"","body":1545646901669}
[2018-12-24 18:21:42.378] [INFO] [default] - SEND HTTP：{"method":"GET","url":"http://datiqi.aixuexi.com/terminator/api/selfCheck/testing.do?","data":{},"headers":{"Content-Type":"application/json","token":null,"userId":0,"version":"1.1.8"},"json":true}
[2018-12-24 18:21:42.464] [INFO] [default] - RESPONSE HTTP：{"status":1,"errorCode":0,"errorMessage":"","body":1545646901786}
[2018-12-24 18:21:42.483] [INFO] [default] - SEND HTTP：{"method":"GET","url":"http://datiqi.aixuexi.com/terminator/api/selfCheck/testing.do?","data":{},"headers":{"Content-Type":"application/json","token":null,"userId":0,"version":"1.1.8"},"json":true}
[2018-12-24 18:21:42.566] [INFO] [default] - RESPONSE HTTP：{"status":1,"errorCode":0,"errorMessage":"","body":1545646901895}
[2018-12-24 18:21:42.579] [INFO] [default] - SEND HTTP：{"method":"GET","url":"http://datiqi.aixuexi.com/terminator/api/selfCheck/testing.do?","data":{},"headers":{"Content-Type":"application/json","token":null,"userId":0,"version":"1.1.8"},"json":true}
[2018-12-24 18:21:42.655] [INFO] [default] - RESPONSE HTTP：{"status":1,"errorCode":0,"errorMessage":"","body":1545646901982}
[2018-12-24 18:21:42.761] [INFO] [default] - RESPONSE HTTP：{"status":1,"errorCode":0,"errorMessage":"","body":1545646902094}
